GAN Training is Done!
GAN Training is Done!
GAN Training is Done!
GAN Training is Done!
GAN Training is Done!
GAN Training is Done!
GAN Training is Done!
GAN Training is Done!
GAN Training is Done!
GAN Training is Done!
GAN Training is Done!
GAN Training is Done!
GAN Training is Done!
GAN Training is Done!
GAN Training is Done!
GAN Training is Done!
GAN Training is Done!
GAN Training is Done!
GAN Training is Done!
GAN Training is Done!
GAN Training is Done!
GAN Training is Done!
GAN Training is Done!
GAN Training is Done!
GAN Training is Done!
+++++++++Target Training Starting+++++++++

Training Performance:
acc: 41.8%, avg loss: 5.119246


Training Performance:
acc: 46.8%, avg loss: 6.236038


Training Performance:
acc: 47.6%, avg loss: 7.124684


Training Performance:
acc: 47.9%, avg loss: 7.583831


Training Performance:
acc: 48.1%, avg loss: 7.674475


Training Performance:
acc: 48.3%, avg loss: 7.608003


Training Performance:
acc: 48.4%, avg loss: 7.151325


Training Performance:
acc: 48.5%, avg loss: 7.251055


Training Performance:
acc: 48.5%, avg loss: 7.031246


Training Performance:
acc: 48.7%, avg loss: 6.783227


Training Performance:
acc: 48.7%, avg loss: 7.046109


Training Performance:
acc: 48.7%, avg loss: 6.763920


Training Performance:
acc: 48.8%, avg loss: 6.706187


Training Performance:
acc: 48.8%, avg loss: 6.686148


Training Performance:
acc: 48.9%, avg loss: 6.497728


Training Performance:
acc: 48.9%, avg loss: 6.501687


Training Performance:
acc: 48.9%, avg loss: 6.257345


Training Performance:
acc: 49.0%, avg loss: 6.177412


Training Performance:
acc: 49.0%, avg loss: 6.086399


Training Performance:
acc: 49.1%, avg loss: 6.271134


Training Performance:
acc: 49.1%, avg loss: 6.222973


Training Performance:
acc: 49.1%, avg loss: 6.268166


Training Performance:
acc: 49.1%, avg loss: 6.177254


Training Performance:
acc: 49.1%, avg loss: 6.308222


Training Performance:
acc: 49.1%, avg loss: 6.259277

+++++++++Target Test+++++++++
Target Model Accuracy = 9696 / 10000 = 0.9696
+++++++++Attack Training Starting+++++++++
**********Test Starting************
FID is: 14.551
FID is: 13.098
FID is: 17.002
FID is: 13.411
FID is: 15.079
FID is: 13.452
FID is: 19.636
FID is: 22.668
FID is: 24.886
FID is: 18.585
FID is: 18.928
FID is: 16.993
FID is: 16.773
FID is: 26.018
FID is: 18.090
FID is: 19.488
FID is: 11.005
FID is: 9.765
FID is: 14.087
FID is: 17.715
FID is: 19.217
FID is: 16.536
FID is: 16.333
FID is: 18.988
FID is: 11.712
FID is: 13.531
FID is: 18.488
FID is: 14.685
FID is: 11.437
FID is: 20.501
FID is: 23.516
FID is: 23.749
FID is: 19.691
FID is: 15.351
FID is: 14.354
FID is: 13.430
FID is: 16.185
FID is: 16.322
FID is: 21.168
FID is: 17.081
FID is: 15.435
FID is: 21.375
FID is: 12.008
FID is: 15.242
FID is: 15.101
FID is: 17.672
FID is: 16.206
FID is: 21.312
FID is: 14.408
FID is: 18.856
FID is: 14.239
FID is: 19.182
FID is: 19.222
FID is: 15.385
FID is: 14.484
FID is: 18.530
FID is: 15.981
FID is: 14.995
FID is: 13.652
FID is: 21.769
FID is: 19.655
FID is: 12.311
FID is: 16.575
FID is: 21.815
FID is: 14.990
FID is: 12.137
FID is: 20.824
FID is: 24.370
FID is: 14.573
FID is: 12.288
FID is: 24.322
FID is: 13.958
FID is: 22.354
FID is: 24.611
FID is: 15.971
FID is: 12.806
FID is: 23.883
FID is: 14.213
FID is: 19.641
FID is: 19.823
FID is: 20.438
FID is: 16.396
FID is: 21.458
FID is: 18.223
FID is: 13.643
FID is: 16.347
FID is: 26.535
FID is: 16.596
FID is: 13.825
FID is: 12.949
FID is: 17.368
FID is: 18.702
FID is: 14.498
FID is: 21.787
FID is: 18.877
FID is: 17.760
FID is: 10.598
FID is: 12.988
FID is: 13.460
FID is: 12.292
FID is: 16.044
FID is: 12.505
FID is: 19.061
FID is: 16.531
FID is: 14.403
FID is: 18.014
FID is: 21.766
FID is: 19.941
FID is: 11.579
FID is: 18.120
FID is: 19.014
FID is: 13.171
FID is: 21.217
FID is: 16.921
FID is: 18.457
FID is: 20.510
FID is: 15.963
FID is: 14.138
FID is: 21.362
FID is: 14.515
FID is: 14.479
FID is: 18.634
FID is: 16.037
FID is: 19.348
FID is: 20.116
FID is: 18.123
FID is: 16.707
FID is: 14.096
FID is: 16.990
FID is: 14.523
FID is: 16.392
FID is: 15.860
FID is: 19.476
FID is: 10.018
FID is: 16.842
FID is: 21.886
FID is: 15.787
FID is: 16.306
FID is: 22.217
FID is: 19.180
FID is: 12.346
FID is: 18.106
FID is: 16.282
FID is: 12.988
FID is: 26.202
FID is: 13.913
FID is: 17.801
FID is: 19.672
FID is: 20.079
FID is: 16.401
FID is: 17.717
FID is: 15.798
FID is: 16.152
FID is: 23.580
FID is: 8.919
FID is: 15.262
FID is: 17.419
FID is: 15.949
FID is: 20.846
FID is: 13.346
FID is: 14.758
FID is: 19.692
FID is: 13.063
FID is: 22.335
FID is: 15.397
FID is: 17.024
FID is: 15.598
FID is: 13.974
FID is: 18.746
FID is: 18.786
FID is: 16.711
FID is: 18.639
FID is: 17.848
FID is: 15.795
FID is: 14.766
FID is: 12.679
FID is: 20.710
FID is: 19.972
FID is: 16.081
FID is: 23.936
FID is: 18.628
FID is: 19.789
FID is: 19.065
FID is: 17.050
FID is: 14.878
FID is: 17.443
FID is: 11.638
FID is: 11.606
FID is: 18.699
FID is: 18.848
FID is: 16.533
FID is: 15.710
FID is: 23.013
FID is: 16.050
FID is: 14.005
FID is: 15.560
FID is: 22.675
FID is: 15.010
FID is: 16.259
FID is: 13.771
FID is: 13.691
FID is: 19.040
FID is: 18.621
FID is: 13.421
FID is: 16.264
FID is: 15.611
FID is: 21.299
FID is: 15.846
FID is: 15.141
FID is: 14.653
FID is: 23.956
FID is: 19.961
FID is: 19.598
FID is: 13.594
FID is: 11.661
FID is: 25.194
FID is: 19.061
FID is: 13.173
FID is: 18.599
FID is: 18.995
FID is: 15.941
FID is: 13.981
FID is: 13.893
FID is: 13.250
FID is: 18.250
FID is: 16.645
FID is: 16.540
FID is: 19.125
FID is: 25.273
FID is: 15.600
FID is: 18.142
FID is: 17.184
FID is: 15.292
FID is: 16.552
FID is: 13.553
FID is: 10.726
FID is: 16.355
FID is: 23.102
FID is: 14.248
FID is: 17.983
FID is: 12.161
FID is: 18.943
FID is: 12.972
FID is: 19.003
FID is: 21.578
FID is: 10.798
FID is: 14.667
FID is: 16.419
FID is: 18.247
FID is: 17.588
FID is: 16.085
FID is: 14.240
FID is: 15.149
FID is: 21.429
FID is: 14.992
FID is: 11.087
FID is: 11.027
FID is: 12.986
FID is: 17.643
FID is: 18.313
FID is: 13.689
FID is: 16.399
FID is: 12.922
FID is: 18.357
FID is: 15.644
FID is: 18.045
FID is: 14.460
FID is: 15.017
FID is: 15.458
FID is: 23.103
FID is: 15.369
FID is: 13.427
FID is: 15.688
FID is: 21.592
FID is: 22.209
FID is: 15.649
FID is: 15.864
FID is: 15.659
FID is: 15.370
FID is: 16.600
FID is: 21.003
FID is: 11.751
FID is: 15.171
FID is: 18.329
FID is: 13.726
FID is: 21.183
FID is: 18.949
FID is: 21.485
FID is: 14.403
FID is: 14.799
FID is: 11.615
FID is: 16.490
FID is: 19.345
FID is: 18.591
FID is: 16.987
FID is: 13.122
FID is: 16.121
FID is: 13.828
FID is: 17.373
FID is: 16.664
FID is: 15.849
FID is: 13.244
FID is: 12.439
FID is: 14.060
FID is: 15.231
FID is: 9.898
FID is: 13.735
FID is: 15.350
FID is: 16.797
FID is: 12.055
FID is: 19.314
FID is: 17.999
FID is: 14.329
FID is: 15.269
FID is: 12.965
FID is: 13.778
FID is: 24.334
FID is: 21.448
FID is: 24.808
FID is: 15.186
FID is: 18.814
FID is: 9.601
FID is: 15.806
FID is: 17.634
FID is: 25.793
FID is: 15.080
FID is: 14.985
FID is: 17.954
FID is: 13.798
FID is: 17.106
FID is: 24.611
FID is: 14.294
FID is: 10.644
FID is: 16.013
FID is: 13.942
FID is: 17.268
FID is: 13.372
FID is: 18.869
FID is: 23.739
FID is: 17.329
FID is: 11.407
FID is: 16.999
FID is: 10.216
FID is: 24.926
FID is: 12.486
FID is: 13.646
FID is: 16.408
FID is: 17.828
FID is: 16.658
FID is: 16.487
FID is: 18.710
FID is: 11.571
FID is: 12.881
FID is: 16.842
FID is: 15.472
FID is: 13.942
FID is: 15.344
FID is: 13.209
FID is: 13.552
FID is: 14.244
FID is: 12.822
FID is: 15.349
FID is: 8.597
FID is: 14.405
FID is: 13.242
FID is: 17.162
FID is: 12.945
FID is: 19.540
FID is: 22.719
FID is: 20.887
FID is: 13.494
FID is: 21.373
FID is: 12.871
FID is: 20.846
FID is: 19.939
FID is: 19.883
FID is: 17.982
FID is: 18.105
FID is: 16.718
FID is: 13.671
FID is: 19.807
FID is: 14.678
FID is: 14.133
FID is: 10.824
FID is: 15.415
FID is: 19.053
FID is: 18.189
FID is: 15.765
FID is: 18.622
FID is: 16.705
FID is: 13.261
FID is: 17.905
FID is: 20.765
FID is: 19.858
FID is: 13.504
FID is: 23.601
FID is: 19.202
FID is: 16.582
FID is: 11.752
FID is: 17.466
FID is: 17.769
FID is: 17.059
FID is: 16.042
FID is: 18.627
FID is: 11.326
FID is: 15.307
FID is: 25.524
FID is: 23.133
FID is: 13.938
FID is: 17.232
FID is: 14.032
FID is: 23.093
FID is: 11.294
FID is: 10.651
FID is: 15.754
FID is: 15.374
FID is: 10.414
FID is: 24.148
FID is: 17.565
FID is: 20.031
FID is: 23.343
FID is: 18.443
FID is: 14.079
FID is: 17.021
FID is: 16.312
FID is: 13.269
FID is: 13.890
FID is: 14.353
FID is: 13.058
FID is: 20.530
FID is: 22.135
FID is: 21.148
FID is: 13.459
FID is: 17.332
FID is: 16.825
FID is: 16.753
FID is: 16.726
FID is: 11.196
FID is: 16.174
FID is: 14.386
FID is: 19.561
FID is: 10.143
FID is: 24.629
FID is: 16.382
FID is: 13.389
FID is: 15.574
FID is: 16.047
FID is: 17.191
FID is: 21.879
FID is: 19.287
FID is: 17.264
FID is: 15.607
FID is: 16.886
FID is: 13.905
FID is: 20.487
FID is: 12.363
FID is: 16.958
FID is: 16.344
FID is: 8.342
FID is: 16.950
FID is: 23.113
FID is: 16.942
FID is: 19.527
FID is: 20.716
FID is: 15.899
FID is: 14.336
FID is: 27.462
FID is: 11.849
FID is: 18.196
FID is: 13.540
FID is: 20.711
FID is: 16.590
FID is: 19.586
FID is: 9.742
FID is: 20.011
FID is: 22.858
FID is: 15.676
FID is: 11.427
FID is: 15.090
FID is: 18.128
FID is: 19.325
FID is: 17.690
FID is: 16.593
FID is: 22.978
FID is: 18.027
FID is: 14.039
FID is: 21.007
FID is: 15.395
FID is: 15.650
FID is: 25.745
FID is: 13.713
FID is: 20.065
FID is: 21.616
FID is: 15.693
FID is: 16.558
FID is: 16.304
FID is: 16.710
FID is: 17.374
FID is: 15.470
FID is: 13.864
FID is: 11.510
FID is: 13.174
FID is: 14.929
FID is: 20.753
FID is: 13.631
FID is: 14.280
FID is: 13.231
FID is: 13.900
FID is: 13.124
FID is: 17.029
FID is: 19.675
FID is: 15.559
FID is: 23.381
FID is: 16.899
FID is: 22.789
FID is: 12.726
FID is: 13.664
FID is: 10.456
FID is: 12.995
FID is: 11.797
FID is: 18.630
FID is: 26.471
FID is: 20.648
FID is: 16.742
FID is: 14.048
FID is: 16.390
FID is: 16.380
FID is: 14.846
FID is: 13.428
FID is: 12.537
FID is: 21.787
FID is: 15.421
FID is: 15.890
FID is: 14.949
FID is: 24.259
FID is: 10.237
FID is: 26.498
FID is: 19.015
FID is: 21.936
FID is: 18.690
FID is: 18.245
FID is: 18.157
FID is: 21.344
FID is: 13.957
FID is: 21.058
FID is: 16.552
FID is: 19.438
FID is: 11.340
FID is: 23.925
FID is: 17.210
FID is: 10.717
FID is: 14.541
FID is: 16.961
FID is: 18.828
FID is: 14.504
FID is: 18.163
FID is: 16.723
FID is: 19.657
FID is: 23.146
FID is: 11.575
FID is: 16.635
FID is: 18.972
FID is: 15.630
FID is: 15.807
FID is: 16.189
FID is: 14.656
FID is: 13.566
FID is: 11.606
FID is: 13.922
FID is: 15.806
FID is: 16.865
FID is: 16.244
FID is: 14.288
FID is: 16.165
FID is: 12.987
FID is: 10.879
FID is: 18.299
FID is: 21.687
FID is: 13.516
FID is: 10.209
FID is: 14.729
FID is: 14.849
FID is: 13.084
FID is: 11.411
FID is: 19.125
FID is: 13.202
FID is: 13.262
FID is: 16.500
FID is: 23.047
FID is: 14.490
FID is: 24.749
FID is: 17.654
FID is: 21.386
FID is: 18.196
FID is: 16.536
FID is: 11.966
FID is: 16.118
FID is: 19.956
FID is: 19.562
FID is: 11.454
FID is: 12.150
FID is: 19.528
FID is: 11.415
FID is: 22.174
FID is: 18.040
FID is: 21.378
FID is: 14.748
FID is: 16.912
FID is: 15.241
FID is: 10.765
FID is: 15.375
FID is: 18.923
FID is: 8.960
FID is: 12.022
FID is: 21.261
FID is: 11.971
FID is: 13.605
FID is: 15.333
FID is: 21.567
FID is: 17.358
FID is: 21.927
FID is: 18.316
FID is: 17.761
FID is: 19.390
FID is: 15.742
FID is: 14.077
FID is: 16.653
FID is: 14.077
FID is: 20.907
FID is: 20.244
FID is: 17.846
FID is: 15.286
FID is: 17.009
FID is: 17.643
FID is: 19.291
FID is: 13.343
FID is: 13.788
FID is: 17.895
FID is: 14.646
FID is: 16.006
FID is: 14.282
FID is: 17.315
FID is: 16.384
FID is: 17.151
FID is: 9.952
FID is: 16.583
FID is: 20.790
FID is: 19.481
FID is: 12.548
FID is: 14.968
FID is: 25.542
FID is: 20.011
FID is: 19.947
FID is: 17.109
FID is: 15.774
FID is: 21.282
FID is: 17.350
FID is: 21.917
FID is: 14.683
FID is: 21.613
FID is: 16.127
FID is: 12.083
FID is: 18.555
FID is: 15.199
FID is: 17.969
FID is: 20.273
FID is: 18.845
FID is: 16.247
FID is: 17.518
FID is: 19.906
FID is: 14.300
FID is: 15.501
FID is: 21.478
FID is: 15.582
FID is: 15.151
FID is: 15.846
FID is: 21.179
FID is: 14.829
FID is: 16.700
FID is: 10.254
FID is: 15.207
FID is: 13.269
FID is: 13.582
FID is: 17.030
FID is: 12.665
FID is: 13.324
FID is: 18.323
FID is: 16.676
FID is: 16.380
FID is: 12.530
FID is: 13.223
FID is: 19.832
FID is: 17.888
FID is: 17.566
FID is: 17.870
FID is: 25.129
FID is: 15.447
FID is: 15.002
FID is: 11.561
FID is: 16.629
FID is: 14.642
FID is: 12.585
FID is: 19.922
FID is: 12.179
FID is: 15.738
FID is: 14.793
FID is: 15.123
FID is: 15.530
FID is: 20.338
FID is: 14.166
FID is: 16.313
FID is: 14.833
FID is: 14.385
FID is: 14.206
FID is: 19.181
FID is: 15.872
FID is: 16.305
FID is: 12.463
FID is: 18.710
FID is: 18.666
FID is: 17.676
FID is: 21.401
FID is: 18.741
FID is: 10.888
FID is: 17.208
FID is: 14.281
FID is: 15.854
FID is: 19.646
FID is: 19.760
FID is: 14.553
FID is: 16.683
FID is: 12.231
FID is: 19.652
FID is: 15.782
FID is: 18.699
FID is: 12.125
FID is: 12.894
FID is: 17.109
FID is: 13.397
FID is: 22.890
FID is: 14.982
FID is: 19.115
FID is: 17.592
FID is: 14.756
FID is: 19.714
FID is: 14.044
FID is: 12.439
FID is: 19.735
FID is: 11.232
FID is: 14.313
FID is: 15.194
FID is: 15.303
FID is: 14.855
FID is: 20.551
FID is: 18.304
FID is: 13.512
FID is: 20.176
FID is: 19.600
FID is: 23.699
FID is: 13.978
FID is: 16.987
FID is: 21.560
FID is: 16.950
FID is: 17.852
FID is: 16.010
FID is: 15.929
FID is: 19.857
FID is: 19.507
FID is: 14.242
FID is: 21.509
FID is: 14.088
FID is: 17.614
FID is: 15.997
FID is: 11.765
FID is: 14.225
FID is: 16.952
FID is: 17.792
FID is: 15.680
FID is: 24.462
FID is: 14.146
FID is: 18.479
FID is: 13.730
FID is: 17.840
FID is: 13.619
FID is: 20.019
FID is: 14.085
FID is: 15.959
FID is: 21.198
FID is: 19.092
FID is: 18.943
FID is: 11.014
FID is: 16.197
FID is: 22.169
FID is: 16.302
FID is: 16.740
FID is: 10.799
FID is: 23.668
FID is: 16.098
FID is: 22.943
FID is: 21.485
FID is: 9.215
FID is: 15.838
FID is: 14.213
FID is: 22.883
FID is: 23.632
FID is: 20.539
FID is: 18.203
FID is: 17.034
FID is: 20.811
FID is: 18.135
FID is: 10.655
FID is: 14.636
FID is: 18.599
FID is: 13.643
FID is: 11.738
FID is: 16.121
FID is: 18.798
FID is: 19.508
FID is: 14.265
FID is: 22.279
FID is: 21.532
FID is: 19.907
FID is: 19.988
FID is: 18.015
FID is: 16.921
FID is: 21.706
FID is: 11.658
FID is: 13.298
FID is: 13.577
FID is: 23.476
FID is: 16.120
FID is: 14.045
FID is: 15.157
FID is: 14.029
FID is: 22.561
FID is: 22.286
FID is: 18.557
FID is: 16.801
FID is: 15.954
FID is: 22.373
FID is: 15.060
FID is: 18.820
FID is: 17.672
FID is: 23.449
FID is: 12.762
FID is: 19.986
FID is: 18.422
FID is: 20.419
FID is: 18.802
FID is: 20.717
FID is: 15.555
FID is: 15.130
FID is: 14.767
FID is: 18.539
FID is: 18.184
FID is: 13.490
FID is: 14.558
FID is: 12.059
FID is: 15.806
FID is: 23.811
FID is: 16.204
FID is: 13.852
FID is: 12.321
FID is: 14.211
FID is: 9.302
FID is: 17.415
FID is: 18.501
FID is: 15.798
FID is: 26.870
FID is: 12.115
FID is: 14.559
FID is: 12.294
FID is: 14.600
FID is: 17.612
FID is: 11.294
FID is: 21.166
FID is: 27.640
FID is: 14.007
FID is: 14.509
FID is: 17.991
FID is: 20.414
FID is: 19.097
FID is: 16.701
FID is: 19.165
FID is: 14.266
FID is: 21.437
FID is: 14.161
FID is: 23.595
FID is: 24.793
FID is: 11.595
FID is: 15.994
FID is: 18.002
FID is: 17.532
FID is: 15.909
FID is: 16.435
FID is: 18.455
FID is: 19.895
FID is: 13.254
FID is: 16.680
FID is: 21.241
FID is: 19.872
FID is: 15.329
FID is: 18.186
FID is: 22.473
FID is: 12.276
FID is: 13.446
FID is: 16.480
FID is: 11.225
FID is: 16.911
FID is: 18.649
FID is: 16.692
FID is: 21.475
FID is: 17.678
FID is: 10.007
FID is: 18.170
FID is: 20.300
FID is: 17.332
FID is: 16.398
FID is: 17.779
FID is: 18.616
FID is: 16.812
FID is: 8.217
FID is: 15.343
FID is: 19.220
FID is: 21.097
FID is: 20.037
FID is: 16.288
FID is: 10.130
FID is: 16.630
FID is: 16.311
FID is: 15.839
FID is: 19.912
FID is: 16.108
FID is: 22.144
FID is: 11.668
FID is: 27.332
FID is: 16.506
FID is: 12.316
 Attack Performance = 6803 / 60000 = 0.11338333333333334	
Done!
Mean scoers are>> PSNR, SSIM, FID:  40.8189394570617 0.9349626295729232 16.806650777501037
