+++++++++Target Training Starting+++++++++

Training Performance:
acc: 87.0%, avg loss: 0.431795


Training Performance:
acc: 94.5%, avg loss: 0.186383


Training Performance:
acc: 95.5%, avg loss: 0.150288


Training Performance:
acc: 96.0%, avg loss: 0.133578


Training Performance:
acc: 96.3%, avg loss: 0.121388


Training Performance:
acc: 96.6%, avg loss: 0.114053


Training Performance:
acc: 96.7%, avg loss: 0.108125


Training Performance:
acc: 96.9%, avg loss: 0.102755


Training Performance:
acc: 97.0%, avg loss: 0.098520


Training Performance:
acc: 97.2%, avg loss: 0.093947


Training Performance:
acc: 97.2%, avg loss: 0.091529


Training Performance:
acc: 97.3%, avg loss: 0.088770


Training Performance:
acc: 97.4%, avg loss: 0.085318


Training Performance:
acc: 97.5%, avg loss: 0.083344


Training Performance:
acc: 97.5%, avg loss: 0.080583


Training Performance:
acc: 97.5%, avg loss: 0.079263


Training Performance:
acc: 97.7%, avg loss: 0.076341


Training Performance:
acc: 97.7%, avg loss: 0.073715


Training Performance:
acc: 97.8%, avg loss: 0.072666


Training Performance:
acc: 97.9%, avg loss: 0.070216


Training Performance:
acc: 97.9%, avg loss: 0.069658


Training Performance:
acc: 97.9%, avg loss: 0.067272


Training Performance:
acc: 98.0%, avg loss: 0.065472


Training Performance:
acc: 98.0%, avg loss: 0.065330


Training Performance:
acc: 98.1%, avg loss: 0.062753

+++++++++Target Test+++++++++
Target Model Accuracy = 9599 / 10000 = 0.9599
+++++++++Attack Training Starting+++++++++
**********Test Starting************
FID is: 23.432
FID is: 21.749
FID is: 22.936
FID is: 22.005
FID is: 25.630
FID is: 37.951
FID is: 30.674
FID is: 24.473
FID is: 22.146
FID is: 19.073
FID is: 28.403
FID is: 27.636
FID is: 33.178
FID is: 25.649
FID is: 24.733
FID is: 30.924
FID is: 23.357
FID is: 28.010
FID is: 25.467
FID is: 24.706
FID is: 26.207
FID is: 34.825
FID is: 33.948
FID is: 25.958
FID is: 23.007
FID is: 25.517
FID is: 19.808
FID is: 22.858
FID is: 31.195
FID is: 27.909
FID is: 22.700
FID is: 26.226
FID is: 24.411
FID is: 24.122
FID is: 20.457
FID is: 24.263
FID is: 29.198
FID is: 24.347
FID is: 33.287
FID is: 18.041
FID is: 24.578
FID is: 25.184
FID is: 29.284
FID is: 20.202
FID is: 30.371
FID is: 22.897
FID is: 27.618
FID is: 27.414
FID is: 29.772
FID is: 29.741
FID is: 26.264
FID is: 21.214
FID is: 27.666
FID is: 26.112
FID is: 25.518
FID is: 26.370
FID is: 19.573
FID is: 21.476
FID is: 33.250
FID is: 20.962
FID is: 28.308
FID is: 23.676
FID is: 23.579
FID is: 23.760
FID is: 25.685
FID is: 25.314
FID is: 28.294
FID is: 28.183
FID is: 35.272
FID is: 26.516
FID is: 31.423
FID is: 24.531
FID is: 19.114
FID is: 32.009
FID is: 28.962
FID is: 24.151
FID is: 24.154
FID is: 27.620
FID is: 19.163
FID is: 28.200
FID is: 23.985
FID is: 24.179
FID is: 26.333
FID is: 34.903
FID is: 26.827
FID is: 19.326
FID is: 26.828
FID is: 24.190
FID is: 27.458
FID is: 22.141
FID is: 25.818
FID is: 26.382
FID is: 34.051
FID is: 27.791
FID is: 23.503
FID is: 34.886
FID is: 21.887
FID is: 23.693
FID is: 26.356
FID is: 30.416
FID is: 28.584
FID is: 24.682
FID is: 36.242
FID is: 26.972
FID is: 28.217
FID is: 24.373
FID is: 19.590
FID is: 36.015
FID is: 26.722
FID is: 24.396
FID is: 25.659
FID is: 23.919
FID is: 21.566
FID is: 24.526
FID is: 33.467
FID is: 24.009
FID is: 27.948
FID is: 20.788
FID is: 20.507
FID is: 27.428
FID is: 28.836
FID is: 21.220
FID is: 27.471
FID is: 26.541
FID is: 22.648
FID is: 27.776
FID is: 27.109
FID is: 23.325
FID is: 28.510
FID is: 21.515
FID is: 31.230
FID is: 19.542
FID is: 19.861
FID is: 28.863
FID is: 30.843
FID is: 22.470
FID is: 21.394
FID is: 29.024
FID is: 22.875
FID is: 23.268
FID is: 26.606
FID is: 20.156
FID is: 22.193
FID is: 21.361
FID is: 20.298
FID is: 27.136
FID is: 31.713
FID is: 28.884
FID is: 23.978
FID is: 21.672
FID is: 24.210
FID is: 27.776
FID is: 17.547
FID is: 19.085
FID is: 21.270
FID is: 22.443
FID is: 26.514
FID is: 18.645
FID is: 22.495
FID is: 16.642
FID is: 29.355
FID is: 25.611
FID is: 28.655
FID is: 23.543
FID is: 21.882
FID is: 21.612
FID is: 25.704
FID is: 22.314
FID is: 27.314
FID is: 26.126
FID is: 22.985
FID is: 33.585
FID is: 22.517
FID is: 26.275
FID is: 23.183
FID is: 28.491
FID is: 22.706
FID is: 28.057
FID is: 28.404
FID is: 26.704
FID is: 24.675
FID is: 26.586
FID is: 20.197
FID is: 24.707
FID is: 20.407
FID is: 27.999
FID is: 23.291
FID is: 21.268
FID is: 21.491
FID is: 28.234
FID is: 30.208
FID is: 23.396
FID is: 24.789
FID is: 24.366
FID is: 27.325
FID is: 24.067
FID is: 26.437
FID is: 27.504
FID is: 25.405
FID is: 19.453
FID is: 26.543
FID is: 29.173
FID is: 20.073
FID is: 24.032
FID is: 27.411
FID is: 19.035
FID is: 20.918
FID is: 31.901
FID is: 25.503
FID is: 20.049
FID is: 23.952
FID is: 20.649
FID is: 32.848
FID is: 22.850
FID is: 28.820
FID is: 22.382
FID is: 29.495
FID is: 23.521
FID is: 29.657
FID is: 30.372
FID is: 25.829
FID is: 28.186
FID is: 22.919
FID is: 30.328
FID is: 21.098
FID is: 21.415
FID is: 17.805
FID is: 17.163
FID is: 21.639
FID is: 27.537
FID is: 27.868
FID is: 24.013
FID is: 21.258
FID is: 25.169
FID is: 31.437
FID is: 25.467
FID is: 23.227
FID is: 29.858
FID is: 24.091
FID is: 28.411
FID is: 25.734
FID is: 28.064
FID is: 24.466
FID is: 24.797
FID is: 31.357
FID is: 30.237
FID is: 26.439
FID is: 23.295
FID is: 20.474
FID is: 21.320
FID is: 30.129
FID is: 29.960
FID is: 27.792
FID is: 29.011
FID is: 25.101
FID is: 34.547
FID is: 26.997
FID is: 30.389
FID is: 31.487
FID is: 30.910
FID is: 24.291
FID is: 22.006
FID is: 24.729
FID is: 18.140
FID is: 27.028
FID is: 24.343
FID is: 19.895
FID is: 19.210
FID is: 24.326
FID is: 26.193
FID is: 20.235
FID is: 24.404
FID is: 28.065
FID is: 23.898
FID is: 23.989
FID is: 30.047
FID is: 25.535
FID is: 24.656
FID is: 27.298
FID is: 22.856
FID is: 22.964
FID is: 24.251
FID is: 20.735
FID is: 28.687
FID is: 27.594
FID is: 19.523
FID is: 22.065
FID is: 27.937
FID is: 28.412
FID is: 27.590
FID is: 26.468
FID is: 27.122
FID is: 22.077
FID is: 22.826
FID is: 22.675
FID is: 24.531
FID is: 28.335
FID is: 19.794
FID is: 28.772
FID is: 20.212
FID is: 36.226
FID is: 23.994
FID is: 32.805
FID is: 22.516
FID is: 22.941
FID is: 30.595
FID is: 35.671
FID is: 22.684
FID is: 23.468
FID is: 28.815
FID is: 22.636
FID is: 26.070
FID is: 31.066
FID is: 23.943
FID is: 17.687
FID is: 21.831
FID is: 23.081
FID is: 34.203
FID is: 26.824
FID is: 25.477
FID is: 20.971
FID is: 31.514
FID is: 25.313
FID is: 31.857
FID is: 32.811
FID is: 22.084
FID is: 33.303
FID is: 40.240
FID is: 22.061
FID is: 19.439
FID is: 23.845
FID is: 22.765
FID is: 29.203
FID is: 20.023
FID is: 20.867
FID is: 22.630
FID is: 19.919
FID is: 19.652
FID is: 25.924
FID is: 24.027
FID is: 24.502
FID is: 35.904
FID is: 18.884
FID is: 25.188
FID is: 22.505
FID is: 24.248
FID is: 19.587
FID is: 19.792
FID is: 21.315
FID is: 36.042
FID is: 27.746
FID is: 24.479
FID is: 26.140
FID is: 21.392
FID is: 25.362
FID is: 27.787
FID is: 26.967
FID is: 27.101
FID is: 22.594
FID is: 22.820
FID is: 24.600
FID is: 28.473
FID is: 20.610
FID is: 20.023
FID is: 19.927
FID is: 22.042
FID is: 25.914
FID is: 34.217
FID is: 27.800
FID is: 17.369
FID is: 25.875
FID is: 24.309
FID is: 27.137
FID is: 31.601
FID is: 22.976
FID is: 24.370
FID is: 18.293
FID is: 24.620
FID is: 21.847
FID is: 30.193
FID is: 26.691
FID is: 23.813
FID is: 21.403
FID is: 23.307
FID is: 29.436
FID is: 31.851
FID is: 21.554
FID is: 47.120
FID is: 18.849
FID is: 24.235
FID is: 30.475
FID is: 21.861
FID is: 25.076
FID is: 16.751
FID is: 24.530
FID is: 22.437
FID is: 25.727
FID is: 26.760
FID is: 25.163
FID is: 30.711
FID is: 24.549
FID is: 26.653
FID is: 18.675
FID is: 28.035
FID is: 19.664
FID is: 28.488
FID is: 19.502
FID is: 29.192
FID is: 26.665
FID is: 21.364
FID is: 39.002
FID is: 21.554
FID is: 24.549
FID is: 22.329
FID is: 28.860
FID is: 18.447
FID is: 21.814
FID is: 23.497
FID is: 22.309
FID is: 20.512
FID is: 28.652
FID is: 28.739
FID is: 24.639
FID is: 23.830
FID is: 24.363
FID is: 27.378
FID is: 21.868
FID is: 27.561
FID is: 18.382
FID is: 33.933
FID is: 24.199
FID is: 23.137
FID is: 24.987
FID is: 25.924
FID is: 17.767
FID is: 22.518
FID is: 20.614
FID is: 24.671
FID is: 20.370
FID is: 29.127
FID is: 32.758
FID is: 25.855
FID is: 23.483
FID is: 19.171
FID is: 23.962
FID is: 21.287
FID is: 26.458
FID is: 23.146
FID is: 19.167
FID is: 20.945
FID is: 26.255
FID is: 18.486
FID is: 20.053
FID is: 23.337
FID is: 23.687
FID is: 23.047
FID is: 23.095
FID is: 25.421
FID is: 22.651
FID is: 29.219
FID is: 29.704
FID is: 27.568
FID is: 25.831
FID is: 28.601
FID is: 27.563
FID is: 23.723
FID is: 28.346
FID is: 21.140
FID is: 23.231
FID is: 27.211
FID is: 30.640
FID is: 23.977
FID is: 21.634
FID is: 25.119
FID is: 24.818
FID is: 33.103
FID is: 21.853
FID is: 30.112
FID is: 28.026
FID is: 21.473
FID is: 25.026
FID is: 20.734
FID is: 24.185
FID is: 23.007
FID is: 27.405
FID is: 20.343
FID is: 19.115
FID is: 23.779
FID is: 21.561
FID is: 21.737
FID is: 22.609
FID is: 21.435
FID is: 23.204
FID is: 34.055
FID is: 26.344
FID is: 23.987
FID is: 22.043
FID is: 24.242
FID is: 31.245
FID is: 30.141
FID is: 19.171
FID is: 27.588
FID is: 22.809
FID is: 22.097
FID is: 17.620
FID is: 24.294
FID is: 24.809
FID is: 22.257
FID is: 26.591
FID is: 27.783
FID is: 23.018
FID is: 26.752
FID is: 19.851
FID is: 27.645
FID is: 21.669
FID is: 21.927
FID is: 21.926
FID is: 21.039
FID is: 25.006
FID is: 33.825
FID is: 24.505
FID is: 21.976
FID is: 21.602
FID is: 19.421
FID is: 26.848
FID is: 25.405
FID is: 26.320
FID is: 28.551
FID is: 35.827
FID is: 25.575
FID is: 26.308
FID is: 23.301
FID is: 28.998
FID is: 27.143
FID is: 27.302
FID is: 22.328
FID is: 22.236
FID is: 29.589
FID is: 24.191
FID is: 37.064
FID is: 26.375
FID is: 23.968
FID is: 21.779
FID is: 27.161
FID is: 21.297
FID is: 30.073
FID is: 21.431
FID is: 23.941
FID is: 22.028
FID is: 30.632
FID is: 25.669
FID is: 25.797
FID is: 24.465
FID is: 17.788
FID is: 21.503
FID is: 23.439
FID is: 20.839
FID is: 26.805
FID is: 37.039
FID is: 20.286
FID is: 24.457
FID is: 30.609
FID is: 20.849
FID is: 29.266
FID is: 32.148
FID is: 31.322
FID is: 26.205
FID is: 24.289
FID is: 24.578
FID is: 25.749
FID is: 20.272
FID is: 21.990
FID is: 21.472
FID is: 21.497
FID is: 23.345
FID is: 40.306
FID is: 40.761
FID is: 27.762
FID is: 19.800
FID is: 22.995
FID is: 26.196
FID is: 28.474
FID is: 35.846
FID is: 21.342
FID is: 21.793
FID is: 29.795
FID is: 27.991
FID is: 23.601
FID is: 28.873
FID is: 26.235
FID is: 25.775
FID is: 28.030
FID is: 34.919
FID is: 20.265
FID is: 27.108
FID is: 34.064
FID is: 30.980
FID is: 22.131
FID is: 30.366
FID is: 19.677
FID is: 21.582
FID is: 26.834
FID is: 24.349
FID is: 19.945
FID is: 24.434
FID is: 32.759
FID is: 24.323
FID is: 27.992
FID is: 24.449
FID is: 27.017
FID is: 23.120
FID is: 19.818
FID is: 26.973
FID is: 22.690
FID is: 27.232
FID is: 25.629
FID is: 25.929
FID is: 37.702
FID is: 28.280
FID is: 22.400
FID is: 21.079
FID is: 26.006
FID is: 28.644
FID is: 24.622
FID is: 26.944
FID is: 26.462
FID is: 30.748
FID is: 23.879
FID is: 29.280
FID is: 28.161
FID is: 29.384
FID is: 23.485
FID is: 20.155
FID is: 27.288
FID is: 32.899
FID is: 18.946
FID is: 24.875
FID is: 19.732
FID is: 32.612
FID is: 26.021
FID is: 31.378
FID is: 32.407
FID is: 21.694
FID is: 28.113
FID is: 32.087
FID is: 21.747
FID is: 19.503
FID is: 31.010
FID is: 21.392
FID is: 32.907
FID is: 20.578
FID is: 22.235
FID is: 25.853
FID is: 21.490
FID is: 26.028
FID is: 35.321
FID is: 32.196
FID is: 23.323
FID is: 19.741
FID is: 17.193
FID is: 20.392
FID is: 26.904
FID is: 21.209
FID is: 26.672
FID is: 29.665
FID is: 19.090
FID is: 19.090
FID is: 20.842
FID is: 29.780
FID is: 21.332
FID is: 25.265
FID is: 24.495
FID is: 31.401
FID is: 22.042
FID is: 25.831
FID is: 23.914
FID is: 20.649
FID is: 29.278
FID is: 24.176
FID is: 20.841
FID is: 18.943
FID is: 26.480
FID is: 21.790
FID is: 24.513
FID is: 24.917
FID is: 22.125
FID is: 22.216
FID is: 19.868
FID is: 21.629
FID is: 24.773
FID is: 29.006
FID is: 24.724
FID is: 21.785
FID is: 23.917
FID is: 19.733
FID is: 18.921
FID is: 23.094
FID is: 27.938
FID is: 28.884
FID is: 24.638
FID is: 20.160
FID is: 24.551
FID is: 32.872
FID is: 28.831
FID is: 24.610
FID is: 29.454
FID is: 22.028
FID is: 23.604
FID is: 23.963
FID is: 22.793
FID is: 19.680
FID is: 21.881
FID is: 25.794
FID is: 25.840
FID is: 20.462
FID is: 23.727
FID is: 27.903
FID is: 22.161
FID is: 24.971
FID is: 29.114
FID is: 22.213
FID is: 20.744
FID is: 23.652
FID is: 29.030
FID is: 20.470
FID is: 30.142
FID is: 19.730
FID is: 25.429
FID is: 33.008
FID is: 24.408
FID is: 34.591
FID is: 27.159
FID is: 20.976
FID is: 22.309
FID is: 22.916
FID is: 23.491
FID is: 23.150
FID is: 26.954
FID is: 21.882
FID is: 31.513
FID is: 37.384
FID is: 20.523
FID is: 21.415
FID is: 20.632
FID is: 27.801
FID is: 28.962
FID is: 24.901
FID is: 32.141
FID is: 22.834
FID is: 24.531
FID is: 33.992
FID is: 23.132
FID is: 34.758
FID is: 34.006
FID is: 19.914
FID is: 19.604
FID is: 20.093
FID is: 28.984
FID is: 22.041
FID is: 34.925
FID is: 28.667
FID is: 32.475
FID is: 25.066
FID is: 22.211
FID is: 19.872
FID is: 23.657
FID is: 24.687
FID is: 25.843
FID is: 22.641
FID is: 26.866
FID is: 28.095
FID is: 26.287
FID is: 21.553
FID is: 20.567
FID is: 21.947
FID is: 24.067
FID is: 23.179
FID is: 39.453
FID is: 24.571
FID is: 26.857
FID is: 20.523
FID is: 22.124
FID is: 21.776
FID is: 28.954
FID is: 30.128
FID is: 20.823
FID is: 34.023
FID is: 26.624
FID is: 22.910
FID is: 18.391
FID is: 24.484
FID is: 29.310
FID is: 24.279
FID is: 27.785
FID is: 20.361
FID is: 27.661
FID is: 28.632
FID is: 25.468
FID is: 31.376
FID is: 24.229
FID is: 25.105
FID is: 22.028
FID is: 26.601
FID is: 25.561
FID is: 29.500
FID is: 27.123
FID is: 34.180
FID is: 19.641
FID is: 20.070
FID is: 19.647
FID is: 32.155
FID is: 25.809
FID is: 23.114
FID is: 23.271
FID is: 27.933
FID is: 30.224
FID is: 26.912
FID is: 23.690
FID is: 33.828
FID is: 27.320
FID is: 27.470
FID is: 22.959
FID is: 27.368
FID is: 30.000
FID is: 25.115
FID is: 24.478
FID is: 34.995
FID is: 24.733
FID is: 18.901
FID is: 38.973
FID is: 20.115
FID is: 20.112
FID is: 28.203
FID is: 22.736
FID is: 24.899
FID is: 26.176
FID is: 27.270
FID is: 20.712
FID is: 40.358
FID is: 20.992
FID is: 20.256
FID is: 22.752
FID is: 28.237
FID is: 24.208
FID is: 28.583
FID is: 25.828
FID is: 22.685
FID is: 21.988
FID is: 47.320
FID is: 24.967
FID is: 26.563
FID is: 24.057
FID is: 31.226
FID is: 24.700
FID is: 31.987
FID is: 31.075
FID is: 22.779
FID is: 37.186
FID is: 33.760
FID is: 24.871
FID is: 21.945
FID is: 18.034
FID is: 27.552
FID is: 29.338
FID is: 37.150
FID is: 23.894
FID is: 27.738
FID is: 28.456
FID is: 28.432
FID is: 41.276
FID is: 18.884
FID is: 28.298
FID is: 22.576
FID is: 23.899
FID is: 25.844
FID is: 21.669
FID is: 30.196
FID is: 21.752
FID is: 30.297
FID is: 29.738
FID is: 38.143
FID is: 19.135
FID is: 21.165
FID is: 22.513
FID is: 27.024
FID is: 23.543
FID is: 25.612
FID is: 20.803
FID is: 26.274
FID is: 20.673
FID is: 26.842
FID is: 24.212
FID is: 21.130
FID is: 24.834
FID is: 30.331
FID is: 19.122
FID is: 28.314
FID is: 33.390
FID is: 20.888
FID is: 21.261
FID is: 28.189
FID is: 20.879
FID is: 23.082
FID is: 25.794
FID is: 20.388
FID is: 22.275
FID is: 27.526
FID is: 24.409
FID is: 29.030
FID is: 26.682
FID is: 23.094
FID is: 24.560
FID is: 21.859
FID is: 22.955
FID is: 19.646
FID is: 21.988
FID is: 21.926
FID is: 21.910
FID is: 27.906
FID is: 35.849
FID is: 26.772
FID is: 26.833
FID is: 21.974
FID is: 19.953
FID is: 26.511
FID is: 26.957
FID is: 23.856
FID is: 30.969
FID is: 25.311
FID is: 27.904
FID is: 25.126
FID is: 25.792
FID is: 22.116
FID is: 26.025
FID is: 27.075
FID is: 22.760
FID is: 26.093
FID is: 33.221
 Attack Performance = 10944 / 60000 = 0.1824	
Done!
Mean scoers are>> PSNR, SSIM, FID:  37.22937238648502 0.8900107601558221 25.44382425832222
