
Training Performance:
acc: 74.2%, avg loss: 0.756075


Training Performance:
acc: 96.7%, avg loss: 0.107000


Training Performance:
acc: 97.7%, avg loss: 0.074252


Training Performance:
acc: 98.2%, avg loss: 0.059555


Training Performance:
acc: 98.4%, avg loss: 0.051308


Training Performance:
acc: 98.7%, avg loss: 0.043142


Training Performance:
acc: 98.8%, avg loss: 0.039220


Training Performance:
acc: 98.9%, avg loss: 0.034664


Training Performance:
acc: 99.0%, avg loss: 0.032382


Training Performance:
acc: 99.1%, avg loss: 0.029199


Training Performance:
acc: 99.1%, avg loss: 0.028133


Training Performance:
acc: 99.2%, avg loss: 0.024927


Training Performance:
acc: 99.3%, avg loss: 0.022659


Training Performance:
acc: 99.4%, avg loss: 0.020195


Training Performance:
acc: 99.4%, avg loss: 0.019360


Training Performance:
acc: 99.4%, avg loss: 0.017654


Training Performance:
acc: 99.5%, avg loss: 0.015385


Training Performance:
acc: 99.5%, avg loss: 0.014933


Training Performance:
acc: 99.5%, avg loss: 0.013604


Training Performance:
acc: 99.6%, avg loss: 0.013392


Training Performance:
acc: 99.6%, avg loss: 0.010922


Training Performance:
acc: 99.7%, avg loss: 0.011059


Training Performance:
acc: 99.7%, avg loss: 0.009998


Training Performance:
acc: 99.7%, avg loss: 0.008964


Training Performance:
acc: 99.8%, avg loss: 0.007385

+++++++++Target Test+++++++++
Target Model Accuracy = 9833 / 10000 = 0.9833
**********Test Starting************
FID is: 56549.712
FID is: 53942.088
FID is: 53938.202
FID is: 67074.667
FID is: 76010.241
FID is: 38677.277
FID is: 54552.447
FID is: 66090.516
FID is: 56892.618
FID is: 58785.031
FID is: 61263.641
FID is: 43037.438
FID is: 50318.208
FID is: 69306.636
FID is: 56295.483
FID is: 54133.784
FID is: 70213.663
FID is: 51164.817
FID is: 71167.961
FID is: 57973.824
FID is: 43648.946
FID is: 82315.422
FID is: 74766.015
FID is: 55978.294
FID is: 43356.553
FID is: 57083.926
FID is: 58915.997
FID is: 46305.721
FID is: 41909.510
FID is: 73684.337
FID is: 54119.079
FID is: 54297.557
FID is: 43640.529
FID is: 38274.893
FID is: 63035.444
FID is: 73781.383
FID is: 108421.671
FID is: 63214.422
FID is: 66103.501
FID is: 46413.523
FID is: 47278.393
FID is: 44545.597
FID is: 42336.317
FID is: 54367.349
FID is: 63727.083
FID is: 56514.918
FID is: 49165.655
FID is: 56886.013
FID is: 48555.606
FID is: 54440.125
FID is: 48327.359
FID is: 47736.581
FID is: 50381.203
FID is: 58972.072
FID is: 59249.265
FID is: 51394.198
FID is: 81765.970
FID is: 44257.674
FID is: 64942.093
FID is: 54819.023
FID is: 38969.667
FID is: 52389.421
FID is: 46148.191
FID is: 45580.378
FID is: 72883.654
FID is: 42226.568
FID is: 65594.152
FID is: 52721.632
FID is: 48773.894
FID is: 97139.908
FID is: 72121.777
FID is: 50977.753
FID is: 56200.157
FID is: 47883.513
FID is: 50752.933
FID is: 52728.648
FID is: 53847.562
FID is: 64117.775
FID is: 40698.455
FID is: 46286.649
FID is: 52727.407
FID is: 45952.335
FID is: 32917.765
FID is: 62061.359
FID is: 36798.667
FID is: 47736.744
FID is: 47409.766
FID is: 48301.293
FID is: 43269.015
FID is: 57134.274
FID is: 48535.894
FID is: 45562.744
FID is: 68481.686
FID is: 51077.107
FID is: 51711.055
FID is: 52454.743
FID is: 70613.396
FID is: 59514.399
FID is: 59660.134
FID is: 73332.150
FID is: 42964.167
FID is: 40585.384
FID is: 45825.661
FID is: 49398.609
FID is: 46106.925
FID is: 48828.864
FID is: 50692.809
FID is: 52832.706
FID is: 46000.578
FID is: 46228.022
FID is: 49089.429
FID is: 64851.439
FID is: 41972.341
FID is: 42505.651
FID is: 51597.388
FID is: 47584.458
FID is: 44479.400
FID is: 44657.866
FID is: 43856.194
FID is: 52151.063
FID is: 43860.537
FID is: 69882.302
FID is: 43282.397
FID is: 47651.868
FID is: 53567.124
FID is: 53266.244
FID is: 57899.612
FID is: 63688.693
FID is: 44046.445
FID is: 49005.771
FID is: 41859.811
FID is: 51580.415
FID is: 50008.410
FID is: 41997.556
FID is: 46349.547
FID is: 81701.015
FID is: 43201.059
FID is: 45344.860
FID is: 40785.559
FID is: 54880.012
FID is: 56405.717
FID is: 46867.859
FID is: 65875.806
FID is: 57753.233
FID is: 51080.846
FID is: 37406.406
FID is: 37573.909
FID is: 55681.350
FID is: 55754.325
FID is: 49972.045
FID is: 50235.908
FID is: 41334.097
FID is: 46704.299
FID is: 55018.134
FID is: 98865.318
FID is: 46324.393
FID is: 58263.937
FID is: 44087.728
FID is: 46852.869
FID is: 41530.830
FID is: 44676.541
FID is: 38285.708
FID is: 57968.806
FID is: 47365.906
FID is: 60390.576
FID is: 45218.055
FID is: 45701.150
FID is: 66075.096
FID is: 49720.223
FID is: 43360.315
FID is: 41657.846
FID is: 49630.868
FID is: 45555.936
FID is: 44885.712
FID is: 43648.831
FID is: 77175.001
FID is: 60219.418
FID is: 55406.623
FID is: 57527.994
FID is: 45715.713
FID is: 60730.660
FID is: 58208.109
FID is: 49937.068
FID is: 54077.924
FID is: 48451.686
FID is: 49007.905
FID is: 44764.836
FID is: 56731.368
FID is: 60993.790
FID is: 48922.350
FID is: 54134.875
FID is: 39226.728
FID is: 55096.613
FID is: 44644.024
FID is: 44396.766
FID is: 56736.811
FID is: 55063.981
FID is: 66016.036
FID is: 51125.976
FID is: 54884.449
FID is: 57003.781
FID is: 35658.748
FID is: 32079.375
FID is: 40147.093
FID is: 53836.261
FID is: 59562.737
FID is: 53577.039
FID is: 42006.670
FID is: 56050.547
FID is: 51762.977
FID is: 38718.244
FID is: 60558.862
FID is: 43513.550
FID is: 54496.819
FID is: 53508.408
FID is: 48705.273
FID is: 65580.734
FID is: 50046.818
FID is: 43651.613
FID is: 54952.701
FID is: 43279.894
FID is: 49985.847
FID is: 55296.697
FID is: 53883.550
FID is: 65553.396
FID is: 46130.305
FID is: 65570.763
FID is: 55516.909
FID is: 57146.020
FID is: 58766.045
FID is: 56188.007
FID is: 44142.574
FID is: 42387.151
FID is: 60296.215
FID is: 53230.332
FID is: 75381.586
FID is: 37625.481
FID is: 46003.835
FID is: 68471.664
FID is: 53546.550
FID is: 56207.663
FID is: 47206.256
FID is: 51222.416
FID is: 48345.164
FID is: 89124.609
FID is: 54906.318
FID is: 64161.142
FID is: 68667.503
FID is: 46534.700
FID is: 45555.454
FID is: 47476.391
FID is: 37563.546
FID is: 62171.875
FID is: 58050.234
FID is: 61333.378
FID is: 69762.223
FID is: 46678.744
FID is: 51401.075
FID is: 53433.216
FID is: 50838.843
FID is: 48004.299
FID is: 35352.708
FID is: 42010.907
FID is: 66179.031
FID is: 49099.876
FID is: 49777.843
FID is: 45680.907
FID is: 47768.605
FID is: 48576.538
FID is: 62393.520
FID is: 40644.625
FID is: 61730.292
FID is: 49937.032
FID is: 59469.964
FID is: 65734.266
FID is: 57990.047
FID is: 57575.752
FID is: 41937.483
FID is: 56420.443
FID is: 59502.391
FID is: 65888.049
FID is: 64424.473
FID is: 41389.436
FID is: 67429.515
FID is: 45151.852
FID is: 65237.800
FID is: 60093.109
FID is: 73945.096
FID is: 44639.715
FID is: 45794.808
FID is: 48017.241
FID is: 48882.989
FID is: 65707.289
FID is: 54345.248
FID is: 57065.789
FID is: 54584.329
FID is: 64386.535
FID is: 51092.746
FID is: 47138.357
FID is: 55867.571
FID is: 45742.325
FID is: 52538.278
FID is: 38557.564
FID is: 51172.304
FID is: 59663.497
FID is: 69655.324
FID is: 43322.773
FID is: 47198.667
FID is: 39979.357
FID is: 45451.678
FID is: 43402.786
FID is: 47488.966
FID is: 49116.575
FID is: 37149.141
FID is: 50751.813
FID is: 57043.889
FID is: 68741.883
FID is: 78280.947
FID is: 64600.454
FID is: 65919.415
FID is: 48956.440
FID is: 40483.803
FID is: 71550.106
FID is: 53897.747
FID is: 58333.122
FID is: 60705.787
FID is: 39384.421
FID is: 46188.666
FID is: 46017.785
FID is: 50025.016
FID is: 96313.409
FID is: 78300.717
FID is: 57780.509
FID is: 50200.255
FID is: 67874.185
FID is: 58694.334
FID is: 64595.325
FID is: 50276.775
FID is: 71977.945
FID is: 47524.435
FID is: 63646.518
FID is: 80267.826
FID is: 41897.676
FID is: 47218.703
FID is: 48172.222
FID is: 64666.773
FID is: 56456.796
FID is: 53135.358
FID is: 40860.641
FID is: 50915.519
FID is: 45116.317
FID is: 54102.328
FID is: 61144.604
FID is: 62377.000
FID is: 79189.176
FID is: 55128.592
FID is: 43856.164
FID is: 73624.333
FID is: 52682.450
FID is: 49906.672
FID is: 45536.053
FID is: 38594.407
FID is: 46407.713
FID is: 41082.910
FID is: 45011.226
FID is: 42049.074
FID is: 68705.240
FID is: 57855.415
FID is: 52122.403
FID is: 47275.912
FID is: 45778.462
FID is: 46324.925
FID is: 55885.104
FID is: 52032.242
FID is: 57232.417
FID is: 42206.118
FID is: 61521.530
FID is: 70775.703
FID is: 48309.743
FID is: 66584.042
FID is: 44914.827
FID is: 42522.590
FID is: 37699.403
FID is: 45156.590
FID is: 42426.023
FID is: 37949.629
FID is: 61030.386
FID is: 46723.242
FID is: 44255.516
FID is: 57372.037
FID is: 102804.930
FID is: 42531.997
FID is: 52276.480
FID is: 49774.755
FID is: 52078.467
FID is: 51147.178
FID is: 43727.401
FID is: 53482.795
FID is: 48103.513
FID is: 39563.694
FID is: 54270.933
FID is: 44034.192
FID is: 70400.674
FID is: 48553.728
FID is: 52339.150
FID is: 34609.130
FID is: 50268.582
FID is: 46239.722
FID is: 57605.295
FID is: 53511.396
FID is: 52031.474
FID is: 45104.544
FID is: 49112.537
FID is: 60880.700
FID is: 60591.679
FID is: 49683.726
FID is: 46761.151
FID is: 48623.386
FID is: 54536.170
FID is: 49281.202
FID is: 43195.297
FID is: 55073.625
FID is: 49122.718
FID is: 52645.306
FID is: 49334.883
FID is: 47819.558
FID is: 49466.239
FID is: 56152.045
FID is: 71728.132
FID is: 43488.712
FID is: 50891.664
FID is: 52056.725
FID is: 50912.726
FID is: 54210.052
FID is: 64775.109
FID is: 52606.281
FID is: 48861.330
FID is: 53578.664
FID is: 42988.398
FID is: 36617.980
FID is: 57318.251
FID is: 44702.092
FID is: 50615.955
FID is: 78616.882
FID is: 48907.884
FID is: 41410.067
FID is: 57504.675
FID is: 60831.958
FID is: 45716.284
FID is: 38374.303
FID is: 66235.666
FID is: 57331.123
FID is: 56904.515
FID is: 49284.447
FID is: 44302.407
FID is: 53396.769
FID is: 46681.634
FID is: 109348.873
FID is: 44017.620
FID is: 45809.947
FID is: 48331.545
FID is: 55112.351
FID is: 49000.928
FID is: 58263.231
FID is: 50013.501
FID is: 49649.614
FID is: 47944.247
FID is: 40724.251
FID is: 42301.669
FID is: 45009.185
FID is: 59529.701
FID is: 53533.730
FID is: 47826.671
FID is: 56061.194
FID is: 42367.154
FID is: 56014.256
FID is: 56700.544
FID is: 60193.164
FID is: 59731.110
FID is: 50742.494
FID is: 44374.354
FID is: 48776.973
FID is: 42397.739
FID is: 59502.203
FID is: 55222.074
FID is: 62490.317
FID is: 58662.648
FID is: 45662.723
FID is: 103236.008
FID is: 65597.645
FID is: 115028.337
FID is: 51938.482
FID is: 48033.092
FID is: 65616.839
FID is: 48659.864
FID is: 53787.038
FID is: 49627.789
FID is: 43018.933
FID is: 57061.466
FID is: 47509.565
FID is: 34873.567
FID is: 69864.038
FID is: 87086.438
FID is: 61368.588
FID is: 46418.393
FID is: 40514.554
FID is: 49513.336
FID is: 61807.747
FID is: 47118.359
FID is: 54572.690
FID is: 64870.943
FID is: 62342.558
FID is: 39998.176
FID is: 56314.099
FID is: 63908.055
FID is: 46431.510
FID is: 61986.770
FID is: 57745.962
FID is: 58580.537
FID is: 63552.737
FID is: 56211.183
FID is: 46366.591
FID is: 57566.633
FID is: 51828.903
FID is: 52849.045
FID is: 53998.614
FID is: 42029.634
FID is: 57050.335
FID is: 44831.802
FID is: 49809.138
FID is: 44099.941
FID is: 47429.977
FID is: 61866.211
FID is: 49416.309
FID is: 51690.261
FID is: 51871.001
FID is: 41277.966
FID is: 46078.030
FID is: 47762.889
FID is: 36893.563
FID is: 69808.206
FID is: 53458.247
FID is: 64626.659
FID is: 42194.830
FID is: 46789.475
FID is: 48567.938
FID is: 62394.219
FID is: 41884.574
FID is: 53166.489
FID is: 46009.806
FID is: 61618.582
FID is: 36560.664
FID is: 37853.640
FID is: 39581.106
FID is: 48597.593
FID is: 45088.678
FID is: 61135.191
FID is: 50346.346
FID is: 48579.013
FID is: 60661.615
FID is: 54889.765
FID is: 65572.765
FID is: 53112.724
FID is: 47884.517
FID is: 45978.784
FID is: 58402.797
FID is: 58908.832
FID is: 50332.349
FID is: 42398.147
FID is: 39951.328
FID is: 61641.931
FID is: 52654.069
FID is: 66583.175
FID is: 52389.907
FID is: 44818.772
FID is: 55047.884
FID is: 69637.735
FID is: 56408.109
FID is: 55714.644
FID is: 97724.585
FID is: 58923.898
FID is: 53561.620
FID is: 52935.242
FID is: 47693.688
FID is: 68205.475
FID is: 68041.255
FID is: 61975.135
FID is: 52639.153
FID is: 45736.560
FID is: 45532.675
FID is: 44696.950
FID is: 50968.170
FID is: 50889.560
FID is: 52357.352
FID is: 64249.452
FID is: 53691.939
FID is: 42544.750
FID is: 60057.304
FID is: 57571.392
FID is: 50407.734
FID is: 41271.485
FID is: 44162.052
FID is: 47987.484
FID is: 50031.851
FID is: 46212.211
FID is: 46382.772
FID is: 43477.131
FID is: 43541.780
FID is: 58114.024
FID is: 68141.855
FID is: 53847.494
FID is: 64247.926
FID is: 63504.458
FID is: 59274.525
FID is: 47759.894
FID is: 55539.141
FID is: 86282.053
FID is: 44462.551
FID is: 57480.466
FID is: 42924.534
FID is: 51508.605
FID is: 55738.501
FID is: 48316.225
FID is: 40596.038
FID is: 51239.083
FID is: 42103.991
FID is: 46684.305
FID is: 57444.311
FID is: 50768.847
FID is: 46733.706
FID is: 88213.236
FID is: 65366.494
FID is: 61954.013
FID is: 49919.087
FID is: 48805.531
FID is: 57251.987
FID is: 47161.138
FID is: 50936.404
FID is: 54275.822
FID is: 44847.963
FID is: 75474.099
FID is: 80877.032
FID is: 80877.019
FID is: 54092.841
FID is: 48317.884
FID is: 60734.259
FID is: 44264.194
FID is: 56091.287
FID is: 39426.522
FID is: 55612.097
FID is: 55987.548
FID is: 45081.375
FID is: 60067.660
FID is: 71133.140
FID is: 61092.361
FID is: 61347.871
FID is: 88203.657
FID is: 46792.833
FID is: 50888.742
FID is: 56572.623
FID is: 47104.012
FID is: 44083.295
FID is: 48165.737
FID is: 45348.543
FID is: 62209.049
FID is: 66053.117
FID is: 57457.101
FID is: 68196.578
FID is: 67415.780
FID is: 45042.426
FID is: 75885.789
FID is: 47552.340
FID is: 41407.040
FID is: 37442.009
FID is: 56588.634
FID is: 77783.080
FID is: 84366.542
FID is: 67419.052
FID is: 45505.084
FID is: 51134.732
FID is: 76109.286
FID is: 44675.900
FID is: 48570.498
FID is: 46890.809
FID is: 51285.103
FID is: 43947.394
FID is: 51702.391
FID is: 58001.205
FID is: 60621.685
FID is: 52219.895
FID is: 55770.267
FID is: 41399.935
FID is: 58233.559
FID is: 80065.010
FID is: 56866.856
FID is: 43334.313
FID is: 38420.304
FID is: 43994.380
FID is: 52852.314
FID is: 67411.581
FID is: 43461.177
FID is: 46460.390
FID is: 62124.981
FID is: 54346.247
FID is: 45701.942
FID is: 39216.951
FID is: 56328.035
FID is: 58789.751
FID is: 47394.161
FID is: 64936.401
FID is: 42197.797
FID is: 37834.885
FID is: 39737.321
FID is: 51321.846
FID is: 48405.589
FID is: 53831.271
FID is: 50169.009
FID is: 61769.997
FID is: 44531.965
FID is: 54093.560
FID is: 48783.108
FID is: 87019.292
FID is: 45194.324
FID is: 52547.342
FID is: 44794.434
FID is: 50787.024
FID is: 54831.500
FID is: 55645.959
FID is: 60752.810
FID is: 46958.874
FID is: 50590.456
FID is: 52706.422
FID is: 54314.768
FID is: 43582.071
FID is: 45838.688
FID is: 45066.819
FID is: 44198.343
FID is: 82548.038
FID is: 45671.849
FID is: 45435.282
FID is: 85694.322
FID is: 55804.992
FID is: 56502.634
FID is: 46141.558
FID is: 49291.761
FID is: 52559.051
FID is: 48963.678
FID is: 62175.232
FID is: 74275.335
FID is: 49333.049
FID is: 74022.181
FID is: 40631.072
FID is: 85205.334
FID is: 89149.720
FID is: 48681.234
FID is: 62771.914
FID is: 53134.168
FID is: 52931.628
FID is: 68150.121
FID is: 48202.194
FID is: 56968.294
FID is: 45767.947
FID is: 50075.845
FID is: 60567.813
FID is: 47065.309
FID is: 49690.384
FID is: 48161.375
FID is: 53667.723
FID is: 66914.658
FID is: 42587.399
FID is: 42255.395
FID is: 59453.614
FID is: 37739.477
FID is: 58534.350
FID is: 60834.649
FID is: 45341.020
FID is: 44742.771
FID is: 57636.478
FID is: 66188.233
FID is: 45780.659
FID is: 43711.008
FID is: 42523.209
FID is: 48774.021
FID is: 68684.270
FID is: 60208.507
FID is: 84057.972
FID is: 47400.534
FID is: 38284.152
FID is: 52079.214
FID is: 39442.325
FID is: 47536.346
FID is: 43566.859
FID is: 61041.913
FID is: 52206.153
FID is: 80449.191
FID is: 50740.632
FID is: 56704.470
FID is: 42743.033
FID is: 44252.850
FID is: 37572.112
FID is: 66376.412
FID is: 64959.645
FID is: 47153.858
FID is: 50540.857
FID is: 56518.862
FID is: 50882.004
FID is: 56377.173
FID is: 61808.099
FID is: 45918.254
FID is: 52849.326
FID is: 35591.734
FID is: 62583.248
FID is: 34602.336
FID is: 54873.470
FID is: 44275.863
FID is: 52166.397
FID is: 66837.684
FID is: 46962.087
FID is: 49081.676
FID is: 59648.436
FID is: 45438.995
FID is: 47384.008
FID is: 64558.482
FID is: 39993.676
FID is: 47459.032
FID is: 45363.881
FID is: 57043.069
FID is: 52775.434
FID is: 48141.350
FID is: 63717.468
FID is: 49004.888
FID is: 54091.337
FID is: 36680.879
FID is: 50219.421
FID is: 42735.984
FID is: 59695.305
FID is: 44528.812
FID is: 63876.041
FID is: 62938.197
FID is: 40816.735
FID is: 45104.766
FID is: 46367.895
FID is: 49064.702
FID is: 38544.460
FID is: 44057.931
FID is: 56107.850
FID is: 58334.536
FID is: 47672.278
FID is: 49724.144
FID is: 45841.383
FID is: 59794.785
FID is: 42500.194
FID is: 53833.807
FID is: 51836.261
FID is: 53845.379
FID is: 40929.245
FID is: 48540.993
FID is: 51307.689
FID is: 46269.297
FID is: 59057.808
FID is: 49120.168
FID is: 50588.235
FID is: 53328.025
FID is: 65851.403
FID is: 42746.767
FID is: 52442.797
FID is: 47744.920
FID is: 55586.692
FID is: 57343.765
FID is: 41045.536
FID is: 41162.276
FID is: 46857.469
FID is: 56947.599
FID is: 57201.618
FID is: 61501.792
FID is: 59221.819
FID is: 57574.791
FID is: 43481.624
FID is: 60725.436
FID is: 64569.219
FID is: 54002.607
FID is: 59971.899
FID is: 35400.601
FID is: 47623.555
FID is: 66419.606
FID is: 45994.322
FID is: 47146.207
FID is: 44331.078
FID is: 51040.191
FID is: 42109.937
FID is: 64648.944
FID is: 56494.514
FID is: 53725.111
FID is: 44881.214
FID is: 43610.394
FID is: 44270.655
FID is: 48745.839
FID is: 56927.285
FID is: 48516.178
FID is: 55534.157
FID is: 42836.249
FID is: 40944.143
FID is: 85817.168
FID is: 46735.988
FID is: 69870.767
FID is: 36145.723
FID is: 50363.909
FID is: 58275.408
FID is: 43398.578
FID is: 49749.615
FID is: 71618.745
FID is: 71794.948
FID is: 57484.203
FID is: 43887.626
FID is: 69578.815
FID is: 51949.145
FID is: 41071.240
FID is: 52325.099
FID is: 38725.035
FID is: 61996.119
FID is: 47528.849
FID is: 46413.435
FID is: 51806.445
FID is: 69553.461
FID is: 45638.764
FID is: 46433.273
FID is: 44303.608
FID is: 50027.972
FID is: 46135.048
FID is: 53920.012
FID is: 51612.577
FID is: 56449.076
FID is: 53998.827
FID is: 57746.776
FID is: 66994.347
FID is: 59563.631
FID is: 57601.301
FID is: 43469.866
 Attack Performance = 5423 / 60000 = 0.09038333333333333	
Done!
Mean scoers are>> PSNR, SSIM, FID:  29.657470694991318 0.5894924332973546 53469.99725792606
